Started GET "/browser-sync/socket.io/?EIO=3&transport=polling&t=LKtn1m7" for ::1 at 2016-06-09 20:44:07 -0400
  
ActionController::RoutingError (No route matches [GET] "/browser-sync/socket.io"):
  
actionpack (5.0.0.rc1) lib/action_dispatch/middleware/debug_exceptions.rb:53:in `call'
actionpack (5.0.0.rc1) lib/action_dispatch/middleware/show_exceptions.rb:31:in `call'
railties (5.0.0.rc1) lib/rails/rack/logger.rb:36:in `call_app'
railties (5.0.0.rc1) lib/rails/rack/logger.rb:24:in `block in call'
activesupport (5.0.0.rc1) lib/active_support/tagged_logging.rb:70:in `block in tagged'
activesupport (5.0.0.rc1) lib/active_support/tagged_logging.rb:26:in `tagged'
activesupport (5.0.0.rc1) lib/active_support/tagged_logging.rb:70:in `tagged'
railties (5.0.0.rc1) lib/rails/rack/logger.rb:24:in `call'
actionpack (5.0.0.rc1) lib/action_dispatch/middleware/request_id.rb:24:in `call'
rack (2.0.0.rc1) lib/rack/runtime.rb:22:in `call'
activesupport (5.0.0.rc1) lib/active_support/cache/strategy/local_cache_middleware.rb:28:in `call'
actionpack (5.0.0.rc1) lib/action_dispatch/middleware/executor.rb:12:in `call'
actionpack (5.0.0.rc1) lib/action_dispatch/middleware/static.rb:136:in `call'
rack (2.0.0.rc1) lib/rack/sendfile.rb:111:in `call'
railties (5.0.0.rc1) lib/rails/engine.rb:522:in `call'
puma (3.4.0) lib/puma/configuration.rb:224:in `call'
puma (3.4.0) lib/puma/server.rb:569:in `handle_request'
puma (3.4.0) lib/puma/server.rb:406:in `process_client'
puma (3.4.0) lib/puma/server.rb:271:in `block in run'
puma (3.4.0) lib/puma/thread_pool.rb:114:in `block in spawn_thread'
Started GET "/" for ::1 at 2016-06-09 20:44:10 -0400
Processing by Rails::WelcomeController#index as HTML
  Parameters: {"internal"=>true}
  Rendering /usr/local/lib/ruby/gems/2.3.0/gems/railties-5.0.0.rc1/lib/rails/templates/rails/welcome/index.html.erb
  Rendered /usr/local/lib/ruby/gems/2.3.0/gems/railties-5.0.0.rc1/lib/rails/templates/rails/welcome/index.html.erb (3.7ms)
Completed 200 OK in 11ms (Views: 8.2ms | ActiveRecord: 0.0ms)


Started GET "/" for ::1 at 2016-06-10 02:31:04 -0400
Processing by Rails::WelcomeController#index as HTML
  Parameters: {"internal"=>true}
  Rendering /usr/local/lib/ruby/gems/2.3.0/gems/railties-5.0.0.rc1/lib/rails/templates/rails/welcome/index.html.erb
  Rendered /usr/local/lib/ruby/gems/2.3.0/gems/railties-5.0.0.rc1/lib/rails/templates/rails/welcome/index.html.erb (3.8ms)
Completed 200 OK in 12ms (Views: 9.2ms | ActiveRecord: 0.0ms)


Started GET "/" for ::1 at 2016-06-10 02:31:05 -0400
Processing by Rails::WelcomeController#index as HTML
  Parameters: {"internal"=>true}
  Rendering /usr/local/lib/ruby/gems/2.3.0/gems/railties-5.0.0.rc1/lib/rails/templates/rails/welcome/index.html.erb
  Rendered /usr/local/lib/ruby/gems/2.3.0/gems/railties-5.0.0.rc1/lib/rails/templates/rails/welcome/index.html.erb (2.9ms)
Completed 200 OK in 6ms (Views: 4.4ms | ActiveRecord: 0.0ms)


Started GET "/" for ::1 at 2016-06-10 02:42:05 -0400
Processing by Rails::WelcomeController#index as HTML
  Parameters: {"internal"=>true}
  Rendering /usr/local/lib/ruby/gems/2.3.0/gems/railties-5.0.0.rc1/lib/rails/templates/rails/welcome/index.html.erb
  Rendered /usr/local/lib/ruby/gems/2.3.0/gems/railties-5.0.0.rc1/lib/rails/templates/rails/welcome/index.html.erb (3.4ms)
Completed 200 OK in 9ms (Views: 7.2ms | ActiveRecord: 0.0ms)


Started GET "/" for ::1 at 2016-06-10 02:42:06 -0400
Processing by Rails::WelcomeController#index as HTML
  Parameters: {"internal"=>true}
  Rendering /usr/local/lib/ruby/gems/2.3.0/gems/railties-5.0.0.rc1/lib/rails/templates/rails/welcome/index.html.erb
  Rendered /usr/local/lib/ruby/gems/2.3.0/gems/railties-5.0.0.rc1/lib/rails/templates/rails/welcome/index.html.erb (2.8ms)
Completed 200 OK in 6ms (Views: 4.2ms | ActiveRecord: 0.0ms)


  [1m[35m (0.1ms)[0m  [1m[34mSELECT DATABASE() as db[0m
  [1m[35m (0.1ms)[0m  [1m[34mSELECT GET_LOCK('8704351895411381475', 0);[0m
  [1m[36mActiveRecord::SchemaMigration Load (0.3ms)[0m  [1m[34mSELECT `schema_migrations`.* FROM `schema_migrations`[0m
Migrating to CreateMatches (20160610064218)
  [1m[35m (11.5ms)[0m  [1m[35mCREATE TABLE `matches` (`id` int AUTO_INCREMENT PRIMARY KEY, `player1` varchar(255), `player2` varchar(255), `matchWon` tinyint(1), `created_at` datetime NOT NULL, `updated_at` datetime NOT NULL) ENGINE=InnoDB[0m
  [1m[35m (0.1ms)[0m  [1m[35mBEGIN[0m
  [1m[35mSQL (0.2ms)[0m  [1m[32mINSERT INTO `schema_migrations` (`version`) VALUES ('20160610064218')[0m
  [1m[35m (0.2ms)[0m  [1m[35mCOMMIT[0m
  [1m[36mActiveRecord::InternalMetadata Load (0.4ms)[0m  [1m[34mSELECT  `ar_internal_metadata`.* FROM `ar_internal_metadata` ORDER BY `ar_internal_metadata`.`key` ASC LIMIT 1[0m
  [1m[35m (0.1ms)[0m  [1m[35mBEGIN[0m
  [1m[35m (0.1ms)[0m  [1m[35mCOMMIT[0m
  [1m[35m (0.2ms)[0m  [1m[34mSELECT RELEASE_LOCK('8704351895411381475')[0m
  [1m[36mActiveRecord::SchemaMigration Load (0.2ms)[0m  [1m[34mSELECT `schema_migrations`.* FROM `schema_migrations`[0m
  [1m[35m (0.1ms)[0m  [1m[35mSHOW CREATE TABLE `heros`[0m
  [1m[35m (0.2ms)[0m  [1m[35mSHOW TABLE STATUS LIKE 'heros'[0m
  [1m[35m (0.1ms)[0m  [1m[35mSHOW CREATE TABLE `matches`[0m
  [1m[35m (0.2ms)[0m  [1m[35mSHOW TABLE STATUS LIKE 'matches'[0m
  [1m[35m (0.2ms)[0m  [1m[34mSELECT fk.referenced_table_name as 'to_table'
      ,fk.referenced_column_name as 'primary_key'
      ,fk.column_name as 'column'
      ,fk.constraint_name as 'name'
FROM information_schema.key_column_usage fk
WHERE fk.referenced_column_name is not null
  AND fk.table_schema = 'api-server_development'
  AND fk.table_name = 'heros'
[0m
  [1m[35m (0.1ms)[0m  [1m[34mSELECT fk.referenced_table_name as 'to_table'
      ,fk.referenced_column_name as 'primary_key'
      ,fk.column_name as 'column'
      ,fk.constraint_name as 'name'
FROM information_schema.key_column_usage fk
WHERE fk.referenced_column_name is not null
  AND fk.table_schema = 'api-server_development'
  AND fk.table_name = 'matches'
[0m
  [1m[35m (0.2ms)[0m  [1m[34mSELECT DATABASE() as db[0m
  [1m[35m (0.2ms)[0m  [1m[34mSELECT GET_LOCK('8704351895411381475', 0);[0m
  [1m[36mActiveRecord::SchemaMigration Load (0.2ms)[0m  [1m[34mSELECT `schema_migrations`.* FROM `schema_migrations`[0m
Migrating to DeleteHeroTable (20160610064547)
  [1m[35m (0.1ms)[0m  [1m[34mSELECT RELEASE_LOCK('8704351895411381475')[0m
  [1m[35m (0.2ms)[0m  [1m[34mSELECT DATABASE() as db[0m
  [1m[35m (0.1ms)[0m  [1m[34mSELECT GET_LOCK('8704351895411381475', 0);[0m
  [1m[36mActiveRecord::SchemaMigration Load (0.3ms)[0m  [1m[34mSELECT `schema_migrations`.* FROM `schema_migrations`[0m
Migrating to DeleteHeroTable (20160610064547)
  [1m[35m (7.7ms)[0m  [1m[35mDROP TABLE `heros`[0m
  [1m[35m (0.2ms)[0m  [1m[35mBEGIN[0m
  [1m[35mSQL (0.3ms)[0m  [1m[32mINSERT INTO `schema_migrations` (`version`) VALUES ('20160610064547')[0m
  [1m[35m (0.3ms)[0m  [1m[35mCOMMIT[0m
  [1m[36mActiveRecord::InternalMetadata Load (0.3ms)[0m  [1m[34mSELECT  `ar_internal_metadata`.* FROM `ar_internal_metadata` ORDER BY `ar_internal_metadata`.`key` ASC LIMIT 1[0m
  [1m[35m (0.1ms)[0m  [1m[35mBEGIN[0m
  [1m[35m (0.1ms)[0m  [1m[35mCOMMIT[0m
  [1m[35m (0.2ms)[0m  [1m[34mSELECT RELEASE_LOCK('8704351895411381475')[0m
  [1m[36mActiveRecord::SchemaMigration Load (0.2ms)[0m  [1m[34mSELECT `schema_migrations`.* FROM `schema_migrations`[0m
  [1m[35m (0.2ms)[0m  [1m[35mSHOW CREATE TABLE `matches`[0m
  [1m[35m (0.3ms)[0m  [1m[35mSHOW TABLE STATUS LIKE 'matches'[0m
  [1m[35m (0.2ms)[0m  [1m[34mSELECT fk.referenced_table_name as 'to_table'
      ,fk.referenced_column_name as 'primary_key'
      ,fk.column_name as 'column'
      ,fk.constraint_name as 'name'
FROM information_schema.key_column_usage fk
WHERE fk.referenced_column_name is not null
  AND fk.table_schema = 'api-server_development'
  AND fk.table_name = 'matches'
[0m
Started GET "/" for ::1 at 2016-06-10 02:49:21 -0400
  [1m[36mActiveRecord::SchemaMigration Load (0.2ms)[0m  [1m[34mSELECT `schema_migrations`.* FROM `schema_migrations`[0m
Processing by Rails::WelcomeController#index as HTML
  Parameters: {"internal"=>true}
  Rendering /usr/local/lib/ruby/gems/2.3.0/gems/railties-5.0.0.rc1/lib/rails/templates/rails/welcome/index.html.erb
  Rendered /usr/local/lib/ruby/gems/2.3.0/gems/railties-5.0.0.rc1/lib/rails/templates/rails/welcome/index.html.erb (3.7ms)
Completed 200 OK in 14ms (Views: 12.3ms | ActiveRecord: 0.0ms)


Started GET "/matches" for ::1 at 2016-06-10 02:49:26 -0400
Processing by MatchesController#index as HTML
  [1m[36mMatch Load (0.4ms)[0m  [1m[34mSELECT `matches`.* FROM `matches`[0m
Completed 200 OK in 4ms (Views: 1.3ms | ActiveRecord: 0.8ms)


  [1m[36mActiveRecord::SchemaMigration Load (0.2ms)[0m  [1m[34mSELECT `schema_migrations`.* FROM `schema_migrations`[0m
  [1m[35m (0.1ms)[0m  [1m[35mBEGIN[0m
  [1m[35mSQL (0.3ms)[0m  [1m[32mINSERT INTO `matches` (`player1`, `player2`, `matchWon`, `created_at`, `updated_at`) VALUES ('Jason', 'Hello', 1, '2016-06-10 06:54:13', '2016-06-10 06:54:13')[0m
  [1m[35m (4.7ms)[0m  [1m[35mCOMMIT[0m
  [1m[35m (0.2ms)[0m  [1m[35mBEGIN[0m
  [1m[35mSQL (0.3ms)[0m  [1m[32mINSERT INTO `matches` (`player2`, `matchWon`, `created_at`, `updated_at`) VALUES ('Fuck', 1, '2016-06-10 06:54:13', '2016-06-10 06:54:13')[0m
  [1m[35m (0.3ms)[0m  [1m[35mCOMMIT[0m
  [1m[36mActiveRecord::SchemaMigration Load (0.2ms)[0m  [1m[34mSELECT `schema_migrations`.* FROM `schema_migrations`[0m
  [1m[35m (0.1ms)[0m  [1m[35mBEGIN[0m
  [1m[35mSQL (0.2ms)[0m  [1m[32mINSERT INTO `matches` (`player1`, `player2`, `matchWon`, `created_at`, `updated_at`) VALUES ('Jason', 'Hello', 1, '2016-06-10 06:54:37', '2016-06-10 06:54:37')[0m
  [1m[35m (4.7ms)[0m  [1m[35mCOMMIT[0m
  [1m[35m (0.2ms)[0m  [1m[35mBEGIN[0m
  [1m[35mSQL (0.4ms)[0m  [1m[32mINSERT INTO `matches` (`player1`, `player2`, `matchWon`, `created_at`, `updated_at`) VALUES ('Tim', 'Fuck', 1, '2016-06-10 06:54:37', '2016-06-10 06:54:37')[0m
  [1m[35m (0.3ms)[0m  [1m[35mCOMMIT[0m
  [1m[35m (0.1ms)[0m  [1m[35mBEGIN[0m
  [1m[35mSQL (0.3ms)[0m  [1m[32mINSERT INTO `matches` (`player1`, `player2`, `matchWon`, `created_at`, `updated_at`) VALUES ('Zach', 'Never', 0, '2016-06-10 06:54:37', '2016-06-10 06:54:37')[0m
  [1m[35m (0.4ms)[0m  [1m[35mCOMMIT[0m
  [1m[35m (0.1ms)[0m  [1m[35mBEGIN[0m
  [1m[35mSQL (0.3ms)[0m  [1m[32mINSERT INTO `matches` (`player1`, `player2`, `matchWon`, `created_at`, `updated_at`) VALUES ('Matt', 'Wow', 1, '2016-06-10 06:54:37', '2016-06-10 06:54:37')[0m
  [1m[35m (0.4ms)[0m  [1m[35mCOMMIT[0m
Started GET "/" for ::1 at 2016-06-10 02:54:45 -0400
  [1m[36mActiveRecord::SchemaMigration Load (0.2ms)[0m  [1m[34mSELECT `schema_migrations`.* FROM `schema_migrations`[0m
Processing by Rails::WelcomeController#index as HTML
  Parameters: {"internal"=>true}
  Rendering /usr/local/lib/ruby/gems/2.3.0/gems/railties-5.0.0.rc1/lib/rails/templates/rails/welcome/index.html.erb
  Rendered /usr/local/lib/ruby/gems/2.3.0/gems/railties-5.0.0.rc1/lib/rails/templates/rails/welcome/index.html.erb (3.9ms)
Completed 200 OK in 14ms (Views: 12.3ms | ActiveRecord: 0.0ms)


Started GET "/" for ::1 at 2016-06-10 02:54:45 -0400
Processing by Rails::WelcomeController#index as HTML
  Parameters: {"internal"=>true}
  Rendering /usr/local/lib/ruby/gems/2.3.0/gems/railties-5.0.0.rc1/lib/rails/templates/rails/welcome/index.html.erb
  Rendered /usr/local/lib/ruby/gems/2.3.0/gems/railties-5.0.0.rc1/lib/rails/templates/rails/welcome/index.html.erb (3.0ms)
Completed 200 OK in 6ms (Views: 4.6ms | ActiveRecord: 0.0ms)


Started GET "/matches" for ::1 at 2016-06-10 02:54:50 -0400
Processing by MatchesController#index as HTML
  [1m[36mMatch Load (0.4ms)[0m  [1m[34mSELECT `matches`.* FROM `matches`[0m
Completed 200 OK in 9ms (Views: 5.9ms | ActiveRecord: 1.2ms)


Started GET "/matches" for ::1 at 2016-06-10 02:56:06 -0400
  [1m[36mActiveRecord::SchemaMigration Load (0.2ms)[0m  [1m[34mSELECT `schema_migrations`.* FROM `schema_migrations`[0m
Processing by MatchesController#index as HTML
  [1m[36mMatch Load (0.4ms)[0m  [1m[34mSELECT `matches`.* FROM `matches`[0m
Completed 200 OK in 13ms (Views: 5.8ms | ActiveRecord: 1.2ms)


Started GET "/matches" for ::1 at 2016-06-10 03:03:16 -0400
Processing by MatchesController#index as HTML
  [1m[36mMatch Load (0.3ms)[0m  [1m[34mSELECT `matches`.* FROM `matches`[0m
Completed 200 OK in 3ms (Views: 2.4ms | ActiveRecord: 0.3ms)


Started GET "/matches" for ::1 at 2016-06-10 03:18:14 -0400
Processing by MatchesController#index as */*
  [1m[36mMatch Load (0.4ms)[0m  [1m[34mSELECT `matches`.* FROM `matches`[0m
Completed 200 OK in 3ms (Views: 2.7ms | ActiveRecord: 0.4ms)


Started GET "/matches" for ::1 at 2016-06-10 03:18:34 -0400
Processing by MatchesController#index as */*
  [1m[36mMatch Load (0.3ms)[0m  [1m[34mSELECT `matches`.* FROM `matches`[0m
Completed 200 OK in 2ms (Views: 1.5ms | ActiveRecord: 0.3ms)


Started GET "/matches" for ::1 at 2016-06-10 03:19:03 -0400
Processing by MatchesController#index as */*
  [1m[36mMatch Load (0.3ms)[0m  [1m[34mSELECT `matches`.* FROM `matches`[0m
Completed 200 OK in 2ms (Views: 1.8ms | ActiveRecord: 0.3ms)


Started GET "/matches" for ::1 at 2016-06-10 03:19:54 -0400
Processing by MatchesController#index as */*
  [1m[36mMatch Load (0.3ms)[0m  [1m[34mSELECT `matches`.* FROM `matches`[0m
Completed 200 OK in 2ms (Views: 1.6ms | ActiveRecord: 0.3ms)


Started GET "/matches" for ::1 at 2016-06-10 03:28:37 -0400
  [1m[36mActiveRecord::SchemaMigration Load (0.2ms)[0m  [1m[34mSELECT `schema_migrations`.* FROM `schema_migrations`[0m
Processing by MatchesController#index as HTML
  [1m[36mMatch Load (0.4ms)[0m  [1m[34mSELECT `matches`.* FROM `matches`[0m
[active_model_serializers] Rendered ActiveModel::Serializer::CollectionSerializer with ActiveModelSerializers::Adapter::Attributes (0.94ms)
Completed 200 OK in 32ms (Views: 23.5ms | ActiveRecord: 1.2ms)


Started GET "/matches" for ::1 at 2016-06-10 03:30:39 -0400
Processing by MatchesController#index as HTML
  [1m[36mMatch Load (0.3ms)[0m  [1m[34mSELECT `matches`.* FROM `matches`[0m
[active_model_serializers] Rendered ActiveModel::Serializer::CollectionSerializer with ActiveModelSerializers::Adapter::Attributes (0.08ms)
Completed 200 OK in 1ms (Views: 0.8ms | ActiveRecord: 0.3ms)


  [1m[36mActiveRecord::SchemaMigration Load (0.3ms)[0m  [1m[34mSELECT `schema_migrations`.* FROM `schema_migrations`[0m
  [1m[35m (0.1ms)[0m  [1m[35mBEGIN[0m
  [1m[35mSQL (0.2ms)[0m  [1m[32mINSERT INTO `matches` (`player1`, `player2`, `matchWon`, `created_at`, `updated_at`) VALUES ('Jason', 'Hello', 1, '2016-06-10 07:30:51', '2016-06-10 07:30:51')[0m
  [1m[35m (0.9ms)[0m  [1m[35mCOMMIT[0m
  [1m[35m (0.1ms)[0m  [1m[35mBEGIN[0m
  [1m[35mSQL (0.2ms)[0m  [1m[32mINSERT INTO `matches` (`player1`, `player2`, `matchWon`, `created_at`, `updated_at`) VALUES ('Tim', 'Fuck', 1, '2016-06-10 07:30:51', '2016-06-10 07:30:51')[0m
  [1m[35m (0.2ms)[0m  [1m[35mCOMMIT[0m
  [1m[35m (0.1ms)[0m  [1m[35mBEGIN[0m
  [1m[35mSQL (0.2ms)[0m  [1m[32mINSERT INTO `matches` (`player1`, `player2`, `matchWon`, `created_at`, `updated_at`) VALUES ('Zach', 'Never', 0, '2016-06-10 07:30:51', '2016-06-10 07:30:51')[0m
  [1m[35m (0.3ms)[0m  [1m[35mCOMMIT[0m
  [1m[35m (0.1ms)[0m  [1m[35mBEGIN[0m
  [1m[35mSQL (0.2ms)[0m  [1m[32mINSERT INTO `matches` (`player1`, `player2`, `matchWon`, `created_at`, `updated_at`) VALUES ('Matt', 'Wow', 1, '2016-06-10 07:30:51', '2016-06-10 07:30:51')[0m
  [1m[35m (0.3ms)[0m  [1m[35mCOMMIT[0m
Started GET "/matches" for ::1 at 2016-06-10 03:31:00 -0400
  [1m[36mActiveRecord::SchemaMigration Load (0.3ms)[0m  [1m[34mSELECT `schema_migrations`.* FROM `schema_migrations`[0m
Processing by MatchesController#index as HTML
  [1m[36mMatch Load (0.3ms)[0m  [1m[34mSELECT `matches`.* FROM `matches`[0m
[active_model_serializers] Rendered ActiveModel::Serializer::CollectionSerializer with ActiveModelSerializers::Adapter::Attributes (0.53ms)
Completed 200 OK in 15ms (Views: 11.4ms | ActiveRecord: 1.2ms)


Started GET "/matches" for ::1 at 2016-06-10 03:46:19 -0400
  [1m[36mActiveRecord::SchemaMigration Load (0.4ms)[0m  [1m[34mSELECT `schema_migrations`.* FROM `schema_migrations`[0m
Processing by MatchesController#index as */*
  [1m[36mMatch Load (0.3ms)[0m  [1m[34mSELECT `matches`.* FROM `matches`[0m
[active_model_serializers] Rendered ActiveModel::Serializer::CollectionSerializer with ActiveModelSerializers::Adapter::Attributes (0.57ms)
Completed 200 OK in 15ms (Views: 11.6ms | ActiveRecord: 1.1ms)


Started GET "/matches" for ::1 at 2016-06-10 03:46:21 -0400
Processing by MatchesController#index as */*
  [1m[36mMatch Load (0.3ms)[0m  [1m[34mSELECT `matches`.* FROM `matches`[0m
[active_model_serializers] Rendered ActiveModel::Serializer::CollectionSerializer with ActiveModelSerializers::Adapter::Attributes (0.73ms)
Completed 200 OK in 3ms (Views: 2.2ms | ActiveRecord: 0.3ms)


Started GET "/matches" for ::1 at 2016-06-10 03:47:28 -0400
  [1m[36mActiveRecord::SchemaMigration Load (0.4ms)[0m  [1m[34mSELECT `schema_migrations`.* FROM `schema_migrations`[0m
Processing by MatchesController#index as */*
  [1m[36mMatch Load (0.4ms)[0m  [1m[34mSELECT `matches`.* FROM `matches`[0m
[active_model_serializers] Rendered ActiveModel::Serializer::CollectionSerializer with ActiveModelSerializers::Adapter::Attributes (0.6ms)
Completed 200 OK in 15ms (Views: 11.7ms | ActiveRecord: 1.2ms)


Started GET "/matches" for ::1 at 2016-06-10 03:47:30 -0400
Processing by MatchesController#index as */*
  [1m[36mMatch Load (0.3ms)[0m  [1m[34mSELECT `matches`.* FROM `matches`[0m
[active_model_serializers] Rendered ActiveModel::Serializer::CollectionSerializer with ActiveModelSerializers::Adapter::Attributes (0.71ms)
Completed 200 OK in 3ms (Views: 2.3ms | ActiveRecord: 0.3ms)


Started GET "/matches" for ::1 at 2016-06-10 03:47:55 -0400
  [1m[36mActiveRecord::SchemaMigration Load (0.4ms)[0m  [1m[34mSELECT `schema_migrations`.* FROM `schema_migrations`[0m
Processing by MatchesController#index as */*
  [1m[36mMatch Load (0.4ms)[0m  [1m[34mSELECT `matches`.* FROM `matches`[0m
[active_model_serializers] Rendered ActiveModel::Serializer::CollectionSerializer with ActiveModelSerializers::Adapter::Attributes (0.6ms)
Completed 200 OK in 15ms (Views: 11.5ms | ActiveRecord: 1.2ms)


Started GET "/matches" for ::1 at 2016-06-10 03:47:57 -0400
Processing by MatchesController#index as */*
  [1m[36mMatch Load (0.3ms)[0m  [1m[34mSELECT `matches`.* FROM `matches`[0m
[active_model_serializers] Rendered ActiveModel::Serializer::CollectionSerializer with ActiveModelSerializers::Adapter::Attributes (0.77ms)
Completed 200 OK in 3ms (Views: 2.2ms | ActiveRecord: 0.3ms)


Started GET "/matches" for ::1 at 2016-06-10 03:49:41 -0400
  [1m[36mActiveRecord::SchemaMigration Load (0.3ms)[0m  [1m[34mSELECT `schema_migrations`.* FROM `schema_migrations`[0m
Processing by MatchesController#index as */*
  [1m[36mMatch Load (0.3ms)[0m  [1m[34mSELECT `matches`.* FROM `matches`[0m
[active_model_serializers] Rendered ActiveModel::Serializer::CollectionSerializer with ActiveModelSerializers::Adapter::Attributes (0.68ms)
Completed 200 OK in 15ms (Views: 11.7ms | ActiveRecord: 1.2ms)


Started GET "/matches" for ::1 at 2016-06-10 03:49:42 -0400
Processing by MatchesController#index as */*
  [1m[36mMatch Load (0.3ms)[0m  [1m[34mSELECT `matches`.* FROM `matches`[0m
[active_model_serializers] Rendered ActiveModel::Serializer::CollectionSerializer with ActiveModelSerializers::Adapter::Attributes (0.64ms)
Completed 200 OK in 3ms (Views: 2.2ms | ActiveRecord: 0.3ms)


Started GET "/matches" for ::1 at 2016-06-10 03:50:18 -0400
  [1m[36mActiveRecord::SchemaMigration Load (0.3ms)[0m  [1m[34mSELECT `schema_migrations`.* FROM `schema_migrations`[0m
Processing by MatchesController#index as */*
  [1m[36mMatch Load (0.3ms)[0m  [1m[34mSELECT `matches`.* FROM `matches`[0m
[active_model_serializers] Rendered ActiveModel::Serializer::CollectionSerializer with ActiveModelSerializers::Adapter::Attributes (0.59ms)
Completed 200 OK in 19ms (Views: 11.4ms | ActiveRecord: 1.2ms)


Started GET "/matches" for ::1 at 2016-06-10 03:50:20 -0400
Processing by MatchesController#index as */*
  [1m[36mMatch Load (0.4ms)[0m  [1m[34mSELECT `matches`.* FROM `matches`[0m
[active_model_serializers] Rendered ActiveModel::Serializer::CollectionSerializer with ActiveModelSerializers::Adapter::Attributes (0.65ms)
Completed 200 OK in 3ms (Views: 2.2ms | ActiveRecord: 0.4ms)


Started GET "/matches" for ::1 at 2016-06-10 03:50:20 -0400
Processing by MatchesController#index as */*
  [1m[36mMatch Load (0.3ms)[0m  [1m[34mSELECT `matches`.* FROM `matches`[0m
[active_model_serializers] Rendered ActiveModel::Serializer::CollectionSerializer with ActiveModelSerializers::Adapter::Attributes (0.46ms)
Completed 200 OK in 2ms (Views: 1.4ms | ActiveRecord: 0.3ms)


Started GET "/matches" for ::1 at 2016-06-10 03:51:40 -0400
  [1m[36mActiveRecord::SchemaMigration Load (0.3ms)[0m  [1m[34mSELECT `schema_migrations`.* FROM `schema_migrations`[0m
Processing by MatchesController#index as */*
  [1m[36mMatch Load (0.3ms)[0m  [1m[34mSELECT `matches`.* FROM `matches`[0m
[active_model_serializers] Rendered ActiveModel::Serializer::CollectionSerializer with ActiveModelSerializers::Adapter::Attributes (0.61ms)
Completed 200 OK in 15ms (Views: 11.8ms | ActiveRecord: 1.2ms)


Started GET "/matches" for ::1 at 2016-06-10 03:51:41 -0400
Processing by MatchesController#index as */*
  [1m[36mMatch Load (0.3ms)[0m  [1m[34mSELECT `matches`.* FROM `matches`[0m
[active_model_serializers] Rendered ActiveModel::Serializer::CollectionSerializer with ActiveModelSerializers::Adapter::Attributes (0.74ms)
Completed 200 OK in 3ms (Views: 2.2ms | ActiveRecord: 0.3ms)


Started GET "/matches" for ::1 at 2016-06-10 03:55:56 -0400
  [1m[36mActiveRecord::SchemaMigration Load (0.3ms)[0m  [1m[34mSELECT `schema_migrations`.* FROM `schema_migrations`[0m
Processing by MatchesController#index as */*
  [1m[36mMatch Load (0.3ms)[0m  [1m[34mSELECT `matches`.* FROM `matches`[0m
[active_model_serializers] Rendered ActiveModel::Serializer::CollectionSerializer with ActiveModelSerializers::Adapter::Attributes (0.6ms)
Completed 200 OK in 15ms (Views: 11.8ms | ActiveRecord: 1.2ms)


Started GET "/matches" for ::1 at 2016-06-10 03:55:58 -0400
Processing by MatchesController#index as */*
  [1m[36mMatch Load (0.4ms)[0m  [1m[34mSELECT `matches`.* FROM `matches`[0m
[active_model_serializers] Rendered ActiveModel::Serializer::CollectionSerializer with ActiveModelSerializers::Adapter::Attributes (0.82ms)
Completed 200 OK in 3ms (Views: 2.4ms | ActiveRecord: 0.4ms)


Started GET "/matches" for ::1 at 2016-06-10 03:55:59 -0400
Processing by MatchesController#index as */*
  [1m[36mMatch Load (0.7ms)[0m  [1m[34mSELECT `matches`.* FROM `matches`[0m
[active_model_serializers] Rendered ActiveModel::Serializer::CollectionSerializer with ActiveModelSerializers::Adapter::Attributes (0.48ms)
Completed 200 OK in 2ms (Views: 1.5ms | ActiveRecord: 0.7ms)


Started GET "/matches" for ::1 at 2016-06-10 03:56:53 -0400
  [1m[36mActiveRecord::SchemaMigration Load (0.3ms)[0m  [1m[34mSELECT `schema_migrations`.* FROM `schema_migrations`[0m
Processing by MatchesController#index as */*
  [1m[36mMatch Load (0.3ms)[0m  [1m[34mSELECT `matches`.* FROM `matches`[0m
[active_model_serializers] Rendered ActiveModel::Serializer::CollectionSerializer with ActiveModelSerializers::Adapter::Attributes (0.63ms)
Completed 200 OK in 15ms (Views: 11.6ms | ActiveRecord: 1.1ms)


Started GET "/matches" for ::1 at 2016-06-10 03:56:55 -0400
Processing by MatchesController#index as */*
  [1m[36mMatch Load (0.3ms)[0m  [1m[34mSELECT `matches`.* FROM `matches`[0m
[active_model_serializers] Rendered ActiveModel::Serializer::CollectionSerializer with ActiveModelSerializers::Adapter::Attributes (0.67ms)
Completed 200 OK in 3ms (Views: 2.3ms | ActiveRecord: 0.3ms)


Started GET "/matches" for ::1 at 2016-06-10 03:56:55 -0400
Processing by MatchesController#index as */*
  [1m[36mMatch Load (0.3ms)[0m  [1m[34mSELECT `matches`.* FROM `matches`[0m
[active_model_serializers] Rendered ActiveModel::Serializer::CollectionSerializer with ActiveModelSerializers::Adapter::Attributes (0.47ms)
Completed 200 OK in 2ms (Views: 1.4ms | ActiveRecord: 0.3ms)


Started GET "/matches" for ::1 at 2016-06-10 03:57:55 -0400
  [1m[36mActiveRecord::SchemaMigration Load (0.3ms)[0m  [1m[34mSELECT `schema_migrations`.* FROM `schema_migrations`[0m
Processing by MatchesController#index as */*
  [1m[36mMatch Load (0.3ms)[0m  [1m[34mSELECT `matches`.* FROM `matches`[0m
[active_model_serializers] Rendered ActiveModel::Serializer::CollectionSerializer with ActiveModelSerializers::Adapter::Attributes (0.61ms)
Completed 200 OK in 15ms (Views: 11.9ms | ActiveRecord: 1.2ms)


Started GET "/matches" for ::1 at 2016-06-10 03:57:57 -0400
Processing by MatchesController#index as */*
  [1m[36mMatch Load (0.3ms)[0m  [1m[34mSELECT `matches`.* FROM `matches`[0m
[active_model_serializers] Rendered ActiveModel::Serializer::CollectionSerializer with ActiveModelSerializers::Adapter::Attributes (0.47ms)
Completed 200 OK in 2ms (Views: 1.6ms | ActiveRecord: 0.3ms)


Started GET "/matches" for ::1 at 2016-06-10 03:57:57 -0400
Processing by MatchesController#index as */*
  [1m[36mMatch Load (0.3ms)[0m  [1m[34mSELECT `matches`.* FROM `matches`[0m
[active_model_serializers] Rendered ActiveModel::Serializer::CollectionSerializer with ActiveModelSerializers::Adapter::Attributes (0.59ms)
Completed 200 OK in 4ms (Views: 3.2ms | ActiveRecord: 0.3ms)


Started GET "/matches" for ::1 at 2016-06-10 03:57:58 -0400
Processing by MatchesController#index as */*
  [1m[36mMatch Load (0.3ms)[0m  [1m[34mSELECT `matches`.* FROM `matches`[0m
[active_model_serializers] Rendered ActiveModel::Serializer::CollectionSerializer with ActiveModelSerializers::Adapter::Attributes (1.18ms)
Completed 200 OK in 3ms (Views: 2.1ms | ActiveRecord: 0.3ms)


Started GET "/matches" for ::1 at 2016-06-10 03:58:39 -0400
  [1m[36mActiveRecord::SchemaMigration Load (0.3ms)[0m  [1m[34mSELECT `schema_migrations`.* FROM `schema_migrations`[0m
Processing by MatchesController#index as */*
  [1m[36mMatch Load (0.3ms)[0m  [1m[34mSELECT `matches`.* FROM `matches`[0m
[active_model_serializers] Rendered ActiveModel::Serializer::CollectionSerializer with ActiveModelSerializers::Adapter::Attributes (0.63ms)
Completed 200 OK in 15ms (Views: 11.7ms | ActiveRecord: 1.2ms)


Started GET "/matches" for ::1 at 2016-06-10 03:58:42 -0400
Processing by MatchesController#index as */*
  [1m[36mMatch Load (0.3ms)[0m  [1m[34mSELECT `matches`.* FROM `matches`[0m
[active_model_serializers] Rendered ActiveModel::Serializer::CollectionSerializer with ActiveModelSerializers::Adapter::Attributes (0.64ms)
Completed 200 OK in 3ms (Views: 2.1ms | ActiveRecord: 0.3ms)


Started GET "/matches" for ::1 at 2016-06-10 03:59:32 -0400
  [1m[36mActiveRecord::SchemaMigration Load (0.3ms)[0m  [1m[34mSELECT `schema_migrations`.* FROM `schema_migrations`[0m
Processing by MatchesController#index as */*
  [1m[36mMatch Load (0.3ms)[0m  [1m[34mSELECT `matches`.* FROM `matches`[0m
[active_model_serializers] Rendered ActiveModel::Serializer::CollectionSerializer with ActiveModelSerializers::Adapter::Attributes (0.58ms)
Completed 200 OK in 15ms (Views: 11.7ms | ActiveRecord: 1.3ms)


Started GET "/matches" for ::1 at 2016-06-10 03:59:33 -0400
Processing by MatchesController#index as */*
  [1m[36mMatch Load (0.3ms)[0m  [1m[34mSELECT `matches`.* FROM `matches`[0m
[active_model_serializers] Rendered ActiveModel::Serializer::CollectionSerializer with ActiveModelSerializers::Adapter::Attributes (0.79ms)
Completed 200 OK in 3ms (Views: 2.3ms | ActiveRecord: 0.3ms)


Started GET "/matches" for ::1 at 2016-06-10 03:59:34 -0400
Processing by MatchesController#index as */*
  [1m[36mMatch Load (0.3ms)[0m  [1m[34mSELECT `matches`.* FROM `matches`[0m
[active_model_serializers] Rendered ActiveModel::Serializer::CollectionSerializer with ActiveModelSerializers::Adapter::Attributes (0.45ms)
Completed 200 OK in 2ms (Views: 1.5ms | ActiveRecord: 0.3ms)


Started GET "/matches" for ::1 at 2016-06-12 17:46:46 -0400
  
Mysql2::Error (Can't connect to local MySQL server through socket '/tmp/mysql.sock' (2)):
  
mysql2 (0.4.4) lib/mysql2/client.rb:87:in `connect'
mysql2 (0.4.4) lib/mysql2/client.rb:87:in `initialize'
activerecord (5.0.0.rc1) lib/active_record/connection_adapters/mysql2_adapter.rb:25:in `new'
activerecord (5.0.0.rc1) lib/active_record/connection_adapters/mysql2_adapter.rb:25:in `mysql2_connection'
activerecord (5.0.0.rc1) lib/active_record/connection_adapters/abstract/connection_pool.rb:721:in `new_connection'
activerecord (5.0.0.rc1) lib/active_record/connection_adapters/abstract/connection_pool.rb:765:in `checkout_new_connection'
activerecord (5.0.0.rc1) lib/active_record/connection_adapters/abstract/connection_pool.rb:744:in `try_to_checkout_new_connection'
activerecord (5.0.0.rc1) lib/active_record/connection_adapters/abstract/connection_pool.rb:705:in `acquire_connection'
activerecord (5.0.0.rc1) lib/active_record/connection_adapters/abstract/connection_pool.rb:501:in `checkout'
activerecord (5.0.0.rc1) lib/active_record/connection_adapters/abstract/connection_pool.rb:364:in `connection'
activerecord (5.0.0.rc1) lib/active_record/connection_adapters/abstract/connection_pool.rb:877:in `retrieve_connection'
activerecord (5.0.0.rc1) lib/active_record/connection_handling.rb:128:in `retrieve_connection'
activerecord (5.0.0.rc1) lib/active_record/connection_handling.rb:91:in `connection'
activerecord (5.0.0.rc1) lib/active_record/migration.rb:558:in `connection'
activerecord (5.0.0.rc1) lib/active_record/migration.rb:545:in `call'
actionpack (5.0.0.rc1) lib/action_dispatch/middleware/callbacks.rb:38:in `block in call'
activesupport (5.0.0.rc1) lib/active_support/callbacks.rb:97:in `__run_callbacks__'
activesupport (5.0.0.rc1) lib/active_support/callbacks.rb:750:in `_run_call_callbacks'
activesupport (5.0.0.rc1) lib/active_support/callbacks.rb:90:in `run_callbacks'
actionpack (5.0.0.rc1) lib/action_dispatch/middleware/callbacks.rb:36:in `call'
actionpack (5.0.0.rc1) lib/action_dispatch/middleware/executor.rb:12:in `call'
actionpack (5.0.0.rc1) lib/action_dispatch/middleware/remote_ip.rb:79:in `call'
actionpack (5.0.0.rc1) lib/action_dispatch/middleware/debug_exceptions.rb:49:in `call'
actionpack (5.0.0.rc1) lib/action_dispatch/middleware/show_exceptions.rb:31:in `call'
railties (5.0.0.rc1) lib/rails/rack/logger.rb:36:in `call_app'
railties (5.0.0.rc1) lib/rails/rack/logger.rb:24:in `block in call'
activesupport (5.0.0.rc1) lib/active_support/tagged_logging.rb:70:in `block in tagged'
activesupport (5.0.0.rc1) lib/active_support/tagged_logging.rb:26:in `tagged'
activesupport (5.0.0.rc1) lib/active_support/tagged_logging.rb:70:in `tagged'
railties (5.0.0.rc1) lib/rails/rack/logger.rb:24:in `call'
actionpack (5.0.0.rc1) lib/action_dispatch/middleware/request_id.rb:24:in `call'
rack (2.0.0.rc1) lib/rack/runtime.rb:22:in `call'
activesupport (5.0.0.rc1) lib/active_support/cache/strategy/local_cache_middleware.rb:28:in `call'
actionpack (5.0.0.rc1) lib/action_dispatch/middleware/executor.rb:12:in `call'
actionpack (5.0.0.rc1) lib/action_dispatch/middleware/static.rb:136:in `call'
rack (2.0.0.rc1) lib/rack/sendfile.rb:111:in `call'
rack-cors (0.4.0) lib/rack/cors.rb:80:in `call'
railties (5.0.0.rc1) lib/rails/engine.rb:522:in `call'
puma (3.4.0) lib/puma/configuration.rb:224:in `call'
puma (3.4.0) lib/puma/server.rb:569:in `handle_request'
puma (3.4.0) lib/puma/server.rb:406:in `process_client'
puma (3.4.0) lib/puma/server.rb:271:in `block in run'
puma (3.4.0) lib/puma/thread_pool.rb:114:in `block in spawn_thread'
Started GET "/matches" for ::1 at 2016-06-12 17:48:24 -0400
  
Mysql2::Error (Can't connect to local MySQL server through socket '/tmp/mysql.sock' (2)):
  
mysql2 (0.4.4) lib/mysql2/client.rb:87:in `connect'
mysql2 (0.4.4) lib/mysql2/client.rb:87:in `initialize'
activerecord (5.0.0.rc1) lib/active_record/connection_adapters/mysql2_adapter.rb:25:in `new'
activerecord (5.0.0.rc1) lib/active_record/connection_adapters/mysql2_adapter.rb:25:in `mysql2_connection'
activerecord (5.0.0.rc1) lib/active_record/connection_adapters/abstract/connection_pool.rb:721:in `new_connection'
activerecord (5.0.0.rc1) lib/active_record/connection_adapters/abstract/connection_pool.rb:765:in `checkout_new_connection'
activerecord (5.0.0.rc1) lib/active_record/connection_adapters/abstract/connection_pool.rb:744:in `try_to_checkout_new_connection'
activerecord (5.0.0.rc1) lib/active_record/connection_adapters/abstract/connection_pool.rb:705:in `acquire_connection'
activerecord (5.0.0.rc1) lib/active_record/connection_adapters/abstract/connection_pool.rb:501:in `checkout'
activerecord (5.0.0.rc1) lib/active_record/connection_adapters/abstract/connection_pool.rb:364:in `connection'
activerecord (5.0.0.rc1) lib/active_record/connection_adapters/abstract/connection_pool.rb:877:in `retrieve_connection'
activerecord (5.0.0.rc1) lib/active_record/connection_handling.rb:128:in `retrieve_connection'
activerecord (5.0.0.rc1) lib/active_record/connection_handling.rb:91:in `connection'
activerecord (5.0.0.rc1) lib/active_record/migration.rb:558:in `connection'
activerecord (5.0.0.rc1) lib/active_record/migration.rb:545:in `call'
actionpack (5.0.0.rc1) lib/action_dispatch/middleware/callbacks.rb:38:in `block in call'
activesupport (5.0.0.rc1) lib/active_support/callbacks.rb:97:in `__run_callbacks__'
activesupport (5.0.0.rc1) lib/active_support/callbacks.rb:750:in `_run_call_callbacks'
activesupport (5.0.0.rc1) lib/active_support/callbacks.rb:90:in `run_callbacks'
actionpack (5.0.0.rc1) lib/action_dispatch/middleware/callbacks.rb:36:in `call'
actionpack (5.0.0.rc1) lib/action_dispatch/middleware/executor.rb:12:in `call'
actionpack (5.0.0.rc1) lib/action_dispatch/middleware/remote_ip.rb:79:in `call'
actionpack (5.0.0.rc1) lib/action_dispatch/middleware/debug_exceptions.rb:49:in `call'
actionpack (5.0.0.rc1) lib/action_dispatch/middleware/show_exceptions.rb:31:in `call'
railties (5.0.0.rc1) lib/rails/rack/logger.rb:36:in `call_app'
railties (5.0.0.rc1) lib/rails/rack/logger.rb:24:in `block in call'
activesupport (5.0.0.rc1) lib/active_support/tagged_logging.rb:70:in `block in tagged'
activesupport (5.0.0.rc1) lib/active_support/tagged_logging.rb:26:in `tagged'
activesupport (5.0.0.rc1) lib/active_support/tagged_logging.rb:70:in `tagged'
railties (5.0.0.rc1) lib/rails/rack/logger.rb:24:in `call'
actionpack (5.0.0.rc1) lib/action_dispatch/middleware/request_id.rb:24:in `call'
rack (2.0.0.rc1) lib/rack/runtime.rb:22:in `call'
activesupport (5.0.0.rc1) lib/active_support/cache/strategy/local_cache_middleware.rb:28:in `call'
actionpack (5.0.0.rc1) lib/action_dispatch/middleware/executor.rb:12:in `call'
actionpack (5.0.0.rc1) lib/action_dispatch/middleware/static.rb:136:in `call'
rack (2.0.0.rc1) lib/rack/sendfile.rb:111:in `call'
rack-cors (0.4.0) lib/rack/cors.rb:80:in `call'
railties (5.0.0.rc1) lib/rails/engine.rb:522:in `call'
puma (3.4.0) lib/puma/configuration.rb:224:in `call'
puma (3.4.0) lib/puma/server.rb:569:in `handle_request'
puma (3.4.0) lib/puma/server.rb:406:in `process_client'
puma (3.4.0) lib/puma/server.rb:271:in `block in run'
puma (3.4.0) lib/puma/thread_pool.rb:114:in `block in spawn_thread'
Started GET "/matches" for ::1 at 2016-06-12 17:48:42 -0400
  [1m[36mActiveRecord::SchemaMigration Load (4.4ms)[0m  [1m[34mSELECT `schema_migrations`.* FROM `schema_migrations`[0m
Processing by MatchesController#index as HTML
  [1m[36mMatch Load (1.1ms)[0m  [1m[34mSELECT `matches`.* FROM `matches`[0m
[active_model_serializers] Rendered ActiveModel::Serializer::CollectionSerializer with ActiveModelSerializers::Adapter::Attributes (0.67ms)
Completed 200 OK in 20ms (Views: 14.8ms | ActiveRecord: 2.2ms)


Started GET "/matches" for ::1 at 2016-06-12 17:48:51 -0400
Processing by MatchesController#index as */*
  [1m[36mMatch Load (1.1ms)[0m  [1m[34mSELECT `matches`.* FROM `matches`[0m
[active_model_serializers] Rendered ActiveModel::Serializer::CollectionSerializer with ActiveModelSerializers::Adapter::Attributes (0.89ms)
Completed 200 OK in 6ms (Views: 4.3ms | ActiveRecord: 1.1ms)


Started GET "/matches" for ::1 at 2016-06-12 17:48:55 -0400
Processing by MatchesController#index as */*
  [1m[36mMatch Load (0.3ms)[0m  [1m[34mSELECT `matches`.* FROM `matches`[0m
[active_model_serializers] Rendered ActiveModel::Serializer::CollectionSerializer with ActiveModelSerializers::Adapter::Attributes (0.54ms)
Completed 200 OK in 3ms (Views: 1.9ms | ActiveRecord: 0.3ms)


Started GET "/matches" for ::1 at 2016-06-12 17:49:38 -0400
Processing by MatchesController#index as */*
  [1m[36mMatch Load (0.4ms)[0m  [1m[34mSELECT `matches`.* FROM `matches`[0m
[active_model_serializers] Rendered ActiveModel::Serializer::CollectionSerializer with ActiveModelSerializers::Adapter::Attributes (0.52ms)
Completed 200 OK in 3ms (Views: 1.9ms | ActiveRecord: 0.4ms)


Started GET "/matches" for ::1 at 2016-06-12 17:49:52 -0400
Processing by MatchesController#index as */*
  [1m[36mMatch Load (0.4ms)[0m  [1m[34mSELECT `matches`.* FROM `matches`[0m
[active_model_serializers] Rendered ActiveModel::Serializer::CollectionSerializer with ActiveModelSerializers::Adapter::Attributes (0.69ms)
Completed 200 OK in 3ms (Views: 2.2ms | ActiveRecord: 0.4ms)


Started GET "/matches" for ::1 at 2016-06-12 17:50:19 -0400
Processing by MatchesController#index as */*
  [1m[36mMatch Load (0.3ms)[0m  [1m[34mSELECT `matches`.* FROM `matches`[0m
[active_model_serializers] Rendered ActiveModel::Serializer::CollectionSerializer with ActiveModelSerializers::Adapter::Attributes (0.48ms)
Completed 200 OK in 2ms (Views: 1.8ms | ActiveRecord: 0.3ms)


Started GET "/matches" for ::1 at 2016-08-18 19:15:49 -0700
  
Mysql2::Error (Can't connect to local MySQL server through socket '/tmp/mysql.sock' (2)):
  
mysql2 (0.4.4) lib/mysql2/client.rb:87:in `connect'
mysql2 (0.4.4) lib/mysql2/client.rb:87:in `initialize'
activerecord (5.0.0.rc1) lib/active_record/connection_adapters/mysql2_adapter.rb:25:in `new'
activerecord (5.0.0.rc1) lib/active_record/connection_adapters/mysql2_adapter.rb:25:in `mysql2_connection'
activerecord (5.0.0.rc1) lib/active_record/connection_adapters/abstract/connection_pool.rb:721:in `new_connection'
activerecord (5.0.0.rc1) lib/active_record/connection_adapters/abstract/connection_pool.rb:765:in `checkout_new_connection'
activerecord (5.0.0.rc1) lib/active_record/connection_adapters/abstract/connection_pool.rb:744:in `try_to_checkout_new_connection'
activerecord (5.0.0.rc1) lib/active_record/connection_adapters/abstract/connection_pool.rb:705:in `acquire_connection'
activerecord (5.0.0.rc1) lib/active_record/connection_adapters/abstract/connection_pool.rb:501:in `checkout'
activerecord (5.0.0.rc1) lib/active_record/connection_adapters/abstract/connection_pool.rb:364:in `connection'
activerecord (5.0.0.rc1) lib/active_record/connection_adapters/abstract/connection_pool.rb:877:in `retrieve_connection'
activerecord (5.0.0.rc1) lib/active_record/connection_handling.rb:128:in `retrieve_connection'
activerecord (5.0.0.rc1) lib/active_record/connection_handling.rb:91:in `connection'
activerecord (5.0.0.rc1) lib/active_record/migration.rb:558:in `connection'
activerecord (5.0.0.rc1) lib/active_record/migration.rb:545:in `call'
actionpack (5.0.0.rc1) lib/action_dispatch/middleware/callbacks.rb:38:in `block in call'
activesupport (5.0.0.rc1) lib/active_support/callbacks.rb:97:in `__run_callbacks__'
activesupport (5.0.0.rc1) lib/active_support/callbacks.rb:750:in `_run_call_callbacks'
activesupport (5.0.0.rc1) lib/active_support/callbacks.rb:90:in `run_callbacks'
actionpack (5.0.0.rc1) lib/action_dispatch/middleware/callbacks.rb:36:in `call'
actionpack (5.0.0.rc1) lib/action_dispatch/middleware/executor.rb:12:in `call'
actionpack (5.0.0.rc1) lib/action_dispatch/middleware/remote_ip.rb:79:in `call'
actionpack (5.0.0.rc1) lib/action_dispatch/middleware/debug_exceptions.rb:49:in `call'
actionpack (5.0.0.rc1) lib/action_dispatch/middleware/show_exceptions.rb:31:in `call'
railties (5.0.0.rc1) lib/rails/rack/logger.rb:36:in `call_app'
railties (5.0.0.rc1) lib/rails/rack/logger.rb:24:in `block in call'
activesupport (5.0.0.rc1) lib/active_support/tagged_logging.rb:70:in `block in tagged'
activesupport (5.0.0.rc1) lib/active_support/tagged_logging.rb:26:in `tagged'
activesupport (5.0.0.rc1) lib/active_support/tagged_logging.rb:70:in `tagged'
railties (5.0.0.rc1) lib/rails/rack/logger.rb:24:in `call'
actionpack (5.0.0.rc1) lib/action_dispatch/middleware/request_id.rb:24:in `call'
rack (2.0.0.rc1) lib/rack/runtime.rb:22:in `call'
activesupport (5.0.0.rc1) lib/active_support/cache/strategy/local_cache_middleware.rb:28:in `call'
actionpack (5.0.0.rc1) lib/action_dispatch/middleware/executor.rb:12:in `call'
actionpack (5.0.0.rc1) lib/action_dispatch/middleware/static.rb:136:in `call'
rack (2.0.0.rc1) lib/rack/sendfile.rb:111:in `call'
rack-cors (0.4.0) lib/rack/cors.rb:80:in `call'
railties (5.0.0.rc1) lib/rails/engine.rb:522:in `call'
puma (3.4.0) lib/puma/configuration.rb:224:in `call'
puma (3.4.0) lib/puma/server.rb:569:in `handle_request'
puma (3.4.0) lib/puma/server.rb:406:in `process_client'
puma (3.4.0) lib/puma/server.rb:271:in `block in run'
puma (3.4.0) lib/puma/thread_pool.rb:114:in `block in spawn_thread'
Started GET "/matches" for ::1 at 2016-08-18 19:16:52 -0700
  [1m[36mActiveRecord::SchemaMigration Load (4.2ms)[0m  [1m[34mSELECT `schema_migrations`.* FROM `schema_migrations`[0m
Processing by MatchesController#index as HTML
  [1m[36mMatch Load (1.5ms)[0m  [1m[34mSELECT `matches`.* FROM `matches`[0m
[active_model_serializers] Rendered ActiveModel::Serializer::CollectionSerializer with ActiveModelSerializers::Adapter::Attributes (0.68ms)
Completed 200 OK in 26ms (Views: 20.9ms | ActiveRecord: 2.8ms)


Started GET "/matches" for ::1 at 2016-08-28 02:26:27 -0400
  
Mysql2::Error (Can't connect to local MySQL server through socket '/tmp/mysql.sock' (2)):
  
mysql2 (0.4.4) lib/mysql2/client.rb:87:in `connect'
mysql2 (0.4.4) lib/mysql2/client.rb:87:in `initialize'
activerecord (5.0.0.rc1) lib/active_record/connection_adapters/mysql2_adapter.rb:25:in `new'
activerecord (5.0.0.rc1) lib/active_record/connection_adapters/mysql2_adapter.rb:25:in `mysql2_connection'
activerecord (5.0.0.rc1) lib/active_record/connection_adapters/abstract/connection_pool.rb:721:in `new_connection'
activerecord (5.0.0.rc1) lib/active_record/connection_adapters/abstract/connection_pool.rb:765:in `checkout_new_connection'
activerecord (5.0.0.rc1) lib/active_record/connection_adapters/abstract/connection_pool.rb:744:in `try_to_checkout_new_connection'
activerecord (5.0.0.rc1) lib/active_record/connection_adapters/abstract/connection_pool.rb:705:in `acquire_connection'
activerecord (5.0.0.rc1) lib/active_record/connection_adapters/abstract/connection_pool.rb:501:in `checkout'
activerecord (5.0.0.rc1) lib/active_record/connection_adapters/abstract/connection_pool.rb:364:in `connection'
activerecord (5.0.0.rc1) lib/active_record/connection_adapters/abstract/connection_pool.rb:877:in `retrieve_connection'
activerecord (5.0.0.rc1) lib/active_record/connection_handling.rb:128:in `retrieve_connection'
activerecord (5.0.0.rc1) lib/active_record/connection_handling.rb:91:in `connection'
activerecord (5.0.0.rc1) lib/active_record/migration.rb:558:in `connection'
activerecord (5.0.0.rc1) lib/active_record/migration.rb:545:in `call'
actionpack (5.0.0.rc1) lib/action_dispatch/middleware/callbacks.rb:38:in `block in call'
activesupport (5.0.0.rc1) lib/active_support/callbacks.rb:97:in `__run_callbacks__'
activesupport (5.0.0.rc1) lib/active_support/callbacks.rb:750:in `_run_call_callbacks'
activesupport (5.0.0.rc1) lib/active_support/callbacks.rb:90:in `run_callbacks'
actionpack (5.0.0.rc1) lib/action_dispatch/middleware/callbacks.rb:36:in `call'
actionpack (5.0.0.rc1) lib/action_dispatch/middleware/executor.rb:12:in `call'
actionpack (5.0.0.rc1) lib/action_dispatch/middleware/remote_ip.rb:79:in `call'
actionpack (5.0.0.rc1) lib/action_dispatch/middleware/debug_exceptions.rb:49:in `call'
actionpack (5.0.0.rc1) lib/action_dispatch/middleware/show_exceptions.rb:31:in `call'
railties (5.0.0.rc1) lib/rails/rack/logger.rb:36:in `call_app'
railties (5.0.0.rc1) lib/rails/rack/logger.rb:24:in `block in call'
activesupport (5.0.0.rc1) lib/active_support/tagged_logging.rb:70:in `block in tagged'
activesupport (5.0.0.rc1) lib/active_support/tagged_logging.rb:26:in `tagged'
activesupport (5.0.0.rc1) lib/active_support/tagged_logging.rb:70:in `tagged'
railties (5.0.0.rc1) lib/rails/rack/logger.rb:24:in `call'
actionpack (5.0.0.rc1) lib/action_dispatch/middleware/request_id.rb:24:in `call'
rack (2.0.0.rc1) lib/rack/runtime.rb:22:in `call'
activesupport (5.0.0.rc1) lib/active_support/cache/strategy/local_cache_middleware.rb:28:in `call'
actionpack (5.0.0.rc1) lib/action_dispatch/middleware/executor.rb:12:in `call'
actionpack (5.0.0.rc1) lib/action_dispatch/middleware/static.rb:136:in `call'
rack (2.0.0.rc1) lib/rack/sendfile.rb:111:in `call'
rack-cors (0.4.0) lib/rack/cors.rb:80:in `call'
railties (5.0.0.rc1) lib/rails/engine.rb:522:in `call'
puma (3.4.0) lib/puma/configuration.rb:224:in `call'
puma (3.4.0) lib/puma/server.rb:569:in `handle_request'
puma (3.4.0) lib/puma/server.rb:406:in `process_client'
puma (3.4.0) lib/puma/server.rb:271:in `block in run'
puma (3.4.0) lib/puma/thread_pool.rb:114:in `block in spawn_thread'
Started GET "/matches" for ::1 at 2016-08-28 02:27:03 -0400
  [1m[36mActiveRecord::SchemaMigration Load (4.6ms)[0m  [1m[34mSELECT `schema_migrations`.* FROM `schema_migrations`[0m
Started GET "/matches" for ::1 at 2016-08-28 02:27:13 -0400
Started GET "/matches" for ::1 at 2016-08-28 02:28:15 -0400
  [1m[36mActiveRecord::SchemaMigration Load (0.3ms)[0m  [1m[34mSELECT `schema_migrations`.* FROM `schema_migrations`[0m
Processing by MatchesController#index as HTML
  [1m[36mMatch Load (1.5ms)[0m  [1m[34mSELECT `matches`.* FROM `matches`[0m
[active_model_serializers] Rendered ActiveModel::Serializer::CollectionSerializer with ActiveModelSerializers::Adapter::Attributes (0.64ms)
Completed 200 OK in 28ms (Views: 23.1ms | ActiveRecord: 2.7ms)


Started GET "/matches" for ::1 at 2016-08-28 02:28:18 -0400
Processing by MatchesController#index as */*
  [1m[36mMatch Load (0.3ms)[0m  [1m[34mSELECT `matches`.* FROM `matches`[0m
[active_model_serializers] Rendered ActiveModel::Serializer::CollectionSerializer with ActiveModelSerializers::Adapter::Attributes (0.64ms)
Completed 200 OK in 3ms (Views: 2.2ms | ActiveRecord: 0.3ms)


